Determining if the pthread_create exist failed with the following output:
Change Dir: /media/hardik/Windows/Ubuntu/catkin_740/src/AE740_FINAL_PROJECT/dependencies/ompl/build/Release/CMakeFiles/CMakeTmp

Run Build Command:"/usr/bin/make" "cmTC_8aa5f/fast"
/usr/bin/make -f CMakeFiles/cmTC_8aa5f.dir/build.make CMakeFiles/cmTC_8aa5f.dir/build
make[1]: Entering directory '/media/hardik/Windows/Ubuntu/catkin_740/src/AE740_FINAL_PROJECT/dependencies/ompl/build/Release/CMakeFiles/CMakeTmp'
Building CXX object CMakeFiles/cmTC_8aa5f.dir/CheckSymbolExists.cxx.o
/usr/bin/c++     -o CMakeFiles/cmTC_8aa5f.dir/CheckSymbolExists.cxx.o -c /media/hardik/Windows/Ubuntu/catkin_740/src/AE740_FINAL_PROJECT/dependencies/ompl/build/Release/CMakeFiles/CMakeTmp/CheckSymbolExists.cxx
Linking CXX executable cmTC_8aa5f
/usr/bin/cmake -E cmake_link_script CMakeFiles/cmTC_8aa5f.dir/link.txt --verbose=1
/usr/bin/c++       CMakeFiles/cmTC_8aa5f.dir/CheckSymbolExists.cxx.o  -o cmTC_8aa5f 
CMakeFiles/cmTC_8aa5f.dir/CheckSymbolExists.cxx.o: In function `main':
CheckSymbolExists.cxx:(.text+0x1b): undefined reference to `pthread_create'
collect2: error: ld returned 1 exit status
CMakeFiles/cmTC_8aa5f.dir/build.make:97: recipe for target 'cmTC_8aa5f' failed
make[1]: *** [cmTC_8aa5f] Error 1
make[1]: Leaving directory '/media/hardik/Windows/Ubuntu/catkin_740/src/AE740_FINAL_PROJECT/dependencies/ompl/build/Release/CMakeFiles/CMakeTmp'
Makefile:126: recipe for target 'cmTC_8aa5f/fast' failed
make: *** [cmTC_8aa5f/fast] Error 2

File /media/hardik/Windows/Ubuntu/catkin_740/src/AE740_FINAL_PROJECT/dependencies/ompl/build/Release/CMakeFiles/CMakeTmp/CheckSymbolExists.cxx:
/* */
#include <pthread.h>

int main(int argc, char** argv)
{
  (void)argv;
#ifndef pthread_create
  return ((int*)(&pthread_create))[argc];
#else
  (void)argc;
  return 0;
#endif
}

Determining if the function pthread_create exists in the pthreads failed with the following output:
Change Dir: /media/hardik/Windows/Ubuntu/catkin_740/src/AE740_FINAL_PROJECT/dependencies/ompl/build/Release/CMakeFiles/CMakeTmp

Run Build Command:"/usr/bin/make" "cmTC_588e1/fast"
/usr/bin/make -f CMakeFiles/cmTC_588e1.dir/build.make CMakeFiles/cmTC_588e1.dir/build
make[1]: Entering directory '/media/hardik/Windows/Ubuntu/catkin_740/src/AE740_FINAL_PROJECT/dependencies/ompl/build/Release/CMakeFiles/CMakeTmp'
Building CXX object CMakeFiles/cmTC_588e1.dir/CheckFunctionExists.cxx.o
/usr/bin/c++    -DCHECK_FUNCTION_EXISTS=pthread_create   -o CMakeFiles/cmTC_588e1.dir/CheckFunctionExists.cxx.o -c /media/hardik/Windows/Ubuntu/catkin_740/src/AE740_FINAL_PROJECT/dependencies/ompl/build/Release/CMakeFiles/CheckLibraryExists/CheckFunctionExists.cxx
Linking CXX executable cmTC_588e1
/usr/bin/cmake -E cmake_link_script CMakeFiles/cmTC_588e1.dir/link.txt --verbose=1
/usr/bin/c++   -DCHECK_FUNCTION_EXISTS=pthread_create    CMakeFiles/cmTC_588e1.dir/CheckFunctionExists.cxx.o  -o cmTC_588e1 -lpthreads 
/usr/bin/ld: cannot find -lpthreads
collect2: error: ld returned 1 exit status
CMakeFiles/cmTC_588e1.dir/build.make:97: recipe for target 'cmTC_588e1' failed
make[1]: *** [cmTC_588e1] Error 1
make[1]: Leaving directory '/media/hardik/Windows/Ubuntu/catkin_740/src/AE740_FINAL_PROJECT/dependencies/ompl/build/Release/CMakeFiles/CMakeTmp'
Makefile:126: recipe for target 'cmTC_588e1/fast' failed
make: *** [cmTC_588e1/fast] Error 2


Determining if the pthread_create exist failed with the following output:
Change Dir: /media/hardik/Windows/Ubuntu/catkin_740/src/AE740_FINAL_PROJECT/dependencies/ompl/build/Release/CMakeFiles/CMakeTmp

Run Build Command:"/usr/bin/make" "cmTC_1026d/fast"
/usr/bin/make -f CMakeFiles/cmTC_1026d.dir/build.make CMakeFiles/cmTC_1026d.dir/build
make[1]: Entering directory '/media/hardik/Windows/Ubuntu/catkin_740/src/AE740_FINAL_PROJECT/dependencies/ompl/build/Release/CMakeFiles/CMakeTmp'
Building CXX object CMakeFiles/cmTC_1026d.dir/CheckSymbolExists.cxx.o
/usr/bin/c++     -o CMakeFiles/cmTC_1026d.dir/CheckSymbolExists.cxx.o -c /media/hardik/Windows/Ubuntu/catkin_740/src/AE740_FINAL_PROJECT/dependencies/ompl/build/Release/CMakeFiles/CMakeTmp/CheckSymbolExists.cxx
Linking CXX executable cmTC_1026d
/usr/bin/cmake -E cmake_link_script CMakeFiles/cmTC_1026d.dir/link.txt --verbose=1
/usr/bin/c++       CMakeFiles/cmTC_1026d.dir/CheckSymbolExists.cxx.o  -o cmTC_1026d 
CMakeFiles/cmTC_1026d.dir/CheckSymbolExists.cxx.o: In function `main':
CheckSymbolExists.cxx:(.text+0x1b): undefined reference to `pthread_create'
collect2: error: ld returned 1 exit status
CMakeFiles/cmTC_1026d.dir/build.make:97: recipe for target 'cmTC_1026d' failed
make[1]: *** [cmTC_1026d] Error 1
make[1]: Leaving directory '/media/hardik/Windows/Ubuntu/catkin_740/src/AE740_FINAL_PROJECT/dependencies/ompl/build/Release/CMakeFiles/CMakeTmp'
Makefile:126: recipe for target 'cmTC_1026d/fast' failed
make: *** [cmTC_1026d/fast] Error 2

File /media/hardik/Windows/Ubuntu/catkin_740/src/AE740_FINAL_PROJECT/dependencies/ompl/build/Release/CMakeFiles/CMakeTmp/CheckSymbolExists.cxx:
/* */
#include <pthread.h>

int main(int argc, char** argv)
{
  (void)argv;
#ifndef pthread_create
  return ((int*)(&pthread_create))[argc];
#else
  (void)argc;
  return 0;
#endif
}

Determining if the function pthread_create exists in the pthreads failed with the following output:
Change Dir: /media/hardik/Windows/Ubuntu/catkin_740/src/AE740_FINAL_PROJECT/dependencies/ompl/build/Release/CMakeFiles/CMakeTmp

Run Build Command:"/usr/bin/make" "cmTC_ecae7/fast"
/usr/bin/make -f CMakeFiles/cmTC_ecae7.dir/build.make CMakeFiles/cmTC_ecae7.dir/build
make[1]: Entering directory '/media/hardik/Windows/Ubuntu/catkin_740/src/AE740_FINAL_PROJECT/dependencies/ompl/build/Release/CMakeFiles/CMakeTmp'
Building CXX object CMakeFiles/cmTC_ecae7.dir/CheckFunctionExists.cxx.o
/usr/bin/c++    -DCHECK_FUNCTION_EXISTS=pthread_create   -o CMakeFiles/cmTC_ecae7.dir/CheckFunctionExists.cxx.o -c /media/hardik/Windows/Ubuntu/catkin_740/src/AE740_FINAL_PROJECT/dependencies/ompl/build/Release/CMakeFiles/CheckLibraryExists/CheckFunctionExists.cxx
Linking CXX executable cmTC_ecae7
/usr/bin/cmake -E cmake_link_script CMakeFiles/cmTC_ecae7.dir/link.txt --verbose=1
/usr/bin/c++   -DCHECK_FUNCTION_EXISTS=pthread_create    CMakeFiles/cmTC_ecae7.dir/CheckFunctionExists.cxx.o  -o cmTC_ecae7 -lpthreads 
/usr/bin/ld: cannot find -lpthreads
collect2: error: ld returned 1 exit status
CMakeFiles/cmTC_ecae7.dir/build.make:97: recipe for target 'cmTC_ecae7' failed
make[1]: *** [cmTC_ecae7] Error 1
make[1]: Leaving directory '/media/hardik/Windows/Ubuntu/catkin_740/src/AE740_FINAL_PROJECT/dependencies/ompl/build/Release/CMakeFiles/CMakeTmp'
Makefile:126: recipe for target 'cmTC_ecae7/fast' failed
make: *** [cmTC_ecae7/fast] Error 2


